<?xml version="1.0" encoding="UTF-8"?>
<!-- Generated by org.testng.reporters.JUnitXMLReporter -->
<testsuite hostname="DESKTOP-DMINAFR" ignored="0" name="Default test(failed)" tests="1" failures="1" timestamp="02 Jul 2021 20:41:32 GMT" time="0.025" errors="0">
  <testcase name="validUserShouldBeAbleToLogin" time="0.008" classname="test.LoginTest">
    <failure type="java.lang.NullPointerException">
      <![CDATA[java.lang.NullPointerException
at util.BrowserFactory.init(BrowserFactory.java:38)
at test.LoginTest.validUserShouldBeAbleToLogin(LoginTest.java:14)
... Removed 25 stack frames]]>
    </failure>
  </testcase> <!-- validUserShouldBeAbleToLogin -->
</testsuite> <!-- Default test(failed) -->
